mode: set
goov/validator/validator.go:16.23,20.2 1 1
goov/validator/validator.go:22.59,24.2 1 1
goov/validator/validator.go:26.55,27.18 1 1
goov/validator/validator.go:27.18,29.3 1 1
goov/validator/validator.go:31.2,32.31 2 1
goov/validator/validator.go:32.31,33.18 1 1
goov/validator/validator.go:33.18,35.4 1 0
goov/validator/validator.go:36.3,36.19 1 1
goov/validator/validator.go:39.2,39.34 1 1
goov/validator/validator.go:39.34,41.3 1 1
goov/validator/validator.go:43.2,43.30 1 1
goov/validator/validator.go:46.61,47.31 1 1
goov/validator/validator.go:47.31,48.18 1 0
goov/validator/validator.go:48.18,50.4 1 0
goov/validator/validator.go:51.3,51.19 1 0
goov/validator/validator.go:54.2,54.34 1 1
goov/validator/validator.go:54.34,56.3 1 0
goov/validator/validator.go:58.2,60.19 3 1
goov/validator/validator.go:60.19,62.3 1 1
goov/validator/validator.go:64.2,64.38 1 1
goov/validator/validator.go:64.38,68.30 3 1
goov/validator/validator.go:68.30,69.12 1 0
goov/validator/validator.go:72.3,73.16 2 1
goov/validator/validator.go:73.16,74.12 1 1
goov/validator/validator.go:78.3,78.34 1 1
goov/validator/validator.go:78.34,79.21 1 1
goov/validator/validator.go:79.21,80.63 1 1
goov/validator/validator.go:80.63,82.6 1 1
goov/validator/validator.go:83.5,83.13 1 1
goov/validator/validator.go:85.4,85.24 1 1
goov/validator/validator.go:88.3,88.37 1 1
goov/validator/validator.go:88.37,89.50 1 1
goov/validator/validator.go:89.50,91.5 1 1
goov/validator/validator.go:94.3,94.61 1 1
goov/validator/validator.go:94.61,96.4 1 1
goov/validator/validator.go:99.2,99.12 1 1
goov/validator/validator.go:102.94,103.15 1 1
goov/validator/validator.go:103.15,105.3 1 0
goov/validator/validator.go:107.2,107.47 1 1
goov/validator/validator.go:107.47,111.21 4 1
goov/validator/validator.go:111.21,113.4 1 1
goov/validator/validator.go:115.3,115.19 1 1
goov/validator/validator.go:116.16,117.55 1 1
goov/validator/validator.go:117.55,119.5 1 1
goov/validator/validator.go:120.14,122.18 2 1
goov/validator/validator.go:122.18,124.5 1 0
goov/validator/validator.go:125.4,126.62 2 1
goov/validator/validator.go:126.62,128.5 1 0
goov/validator/validator.go:129.11,131.19 2 1
goov/validator/validator.go:131.19,133.5 1 0
goov/validator/validator.go:134.4,134.68 1 1
goov/validator/validator.go:134.68,136.5 1 1
goov/validator/validator.go:137.4,137.59 1 1
goov/validator/validator.go:137.59,139.5 1 1
goov/validator/validator.go:143.2,143.12 1 1
goov/validator/validator.go:146.74,147.15 1 1
goov/validator/validator.go:147.15,149.3 1 0
goov/validator/validator.go:151.2,152.21 2 1
goov/validator/validator.go:152.21,154.3 1 0
goov/validator/validator.go:156.2,157.17 2 1
goov/validator/validator.go:157.17,159.3 1 0
goov/validator/validator.go:161.2,161.35 1 1
goov/validator/validator.go:161.35,163.3 1 0
goov/validator/validator.go:165.2,165.19 1 1
goov/validator/validator.go:165.19,167.3 1 1
goov/validator/validator.go:169.2,169.35 1 1
goov/validator/validator.go:169.35,171.50 2 1
goov/validator/validator.go:171.50,173.4 1 0
goov/validator/validator.go:175.3,175.36 1 1
goov/validator/validator.go:175.36,176.49 1 1
goov/validator/validator.go:176.49,178.5 1 1
goov/validator/validator.go:179.9,180.58 1 0
goov/validator/validator.go:180.58,182.5 1 0
goov/validator/validator.go:186.2,186.12 1 1
goov/validator/validator.go:189.60,192.18 2 1
goov/validator/validator.go:192.18,194.3 1 0
goov/validator/validator.go:196.2,197.31 2 1
goov/validator/validator.go:197.31,198.18 1 1
goov/validator/validator.go:198.18,200.4 1 0
goov/validator/validator.go:201.3,201.19 1 1
goov/validator/validator.go:204.2,204.34 1 1
goov/validator/validator.go:204.34,206.3 1 1
goov/validator/validator.go:208.2,209.38 2 1
goov/validator/validator.go:209.38,213.30 3 1
goov/validator/validator.go:213.30,214.12 1 0
goov/validator/validator.go:217.3,218.16 2 1
goov/validator/validator.go:218.16,219.12 1 1
goov/validator/validator.go:222.3,222.34 1 1
goov/validator/validator.go:222.34,223.21 1 1
goov/validator/validator.go:223.21,224.54 1 0
goov/validator/validator.go:224.54,226.13 2 0
goov/validator/validator.go:226.13,228.15 2 0
goov/validator/validator.go:231.6,231.70 1 0
goov/validator/validator.go:231.70,233.7 1 0
goov/validator/validator.go:235.6,235.47 1 0
goov/validator/validator.go:235.47,237.7 1 0
goov/validator/validator.go:239.5,239.13 1 0
goov/validator/validator.go:241.4,241.24 1 1
goov/validator/validator.go:244.3,244.37 1 1
goov/validator/validator.go:244.37,245.50 1 1
goov/validator/validator.go:245.50,247.5 1 1
goov/validator/validator.go:248.4,248.12 1 1
goov/validator/validator.go:251.3,251.36 1 1
goov/validator/validator.go:251.36,252.54 1 0
goov/validator/validator.go:252.54,254.5 1 0
goov/validator/validator.go:255.4,255.12 1 0
goov/validator/validator.go:258.3,258.77 1 1
goov/validator/validator.go:258.77,260.4 1 1
goov/validator/validator.go:263.2,263.15 1 1
goov/validator/validator.go:270.47,272.2 1 1
goov/validator/validator.go:274.53,275.31 1 1
goov/validator/validator.go:275.31,276.46 1 1
goov/validator/validator.go:276.46,278.4 1 1
goov/validator/validator.go:280.2,280.12 1 1
goov/validator/rules/advanced.go:21.47,23.9 2 1
goov/validator/rules/advanced.go:23.9,25.3 1 1
goov/validator/rules/advanced.go:27.2,27.15 1 1
goov/validator/rules/advanced.go:27.15,28.19 1 1
goov/validator/rules/advanced.go:28.19,30.4 1 1
goov/validator/rules/advanced.go:31.3,31.41 1 1
goov/validator/rules/advanced.go:34.2,35.15 2 1
goov/validator/rules/advanced.go:35.15,37.3 1 1
goov/validator/rules/advanced.go:39.2,40.24 2 1
goov/validator/rules/advanced.go:40.24,42.3 1 1
goov/validator/rules/advanced.go:43.2,43.25 1 1
goov/validator/rules/advanced.go:43.25,45.3 1 1
goov/validator/rules/advanced.go:47.2,47.12 1 1
goov/validator/rules/advanced.go:58.51,60.9 2 1
goov/validator/rules/advanced.go:60.9,62.3 1 1
goov/validator/rules/advanced.go:64.2,64.15 1 1
goov/validator/rules/advanced.go:64.15,65.19 1 1
goov/validator/rules/advanced.go:65.19,67.4 1 1
goov/validator/rules/advanced.go:68.3,68.41 1 1
goov/validator/rules/advanced.go:78.2,78.20 1 1
goov/validator/rules/advanced.go:78.20,80.3 1 1
goov/validator/rules/advanced.go:82.2,83.21 2 1
goov/validator/rules/advanced.go:83.21,85.3 1 1
goov/validator/rules/advanced.go:87.2,87.43 1 1
goov/validator/rules/advanced.go:87.43,89.3 1 1
goov/validator/rules/advanced.go:91.2,91.31 1 1
goov/validator/rules/advanced.go:91.31,92.22 1 1
goov/validator/rules/advanced.go:92.22,94.4 1 1
goov/validator/rules/advanced.go:95.3,95.22 1 1
goov/validator/rules/advanced.go:95.22,97.4 1 1
goov/validator/rules/advanced.go:98.3,98.89 1 1
goov/validator/rules/advanced.go:98.89,100.4 1 1
goov/validator/rules/advanced.go:101.3,101.78 1 1
goov/validator/rules/advanced.go:101.78,103.4 1 1
goov/validator/rules/advanced.go:106.2,106.12 1 1
goov/validator/rules/advanced.go:125.53,127.9 2 1
goov/validator/rules/advanced.go:127.9,129.3 1 1
goov/validator/rules/advanced.go:131.2,131.28 1 1
goov/validator/rules/advanced.go:131.28,133.3 1 1
goov/validator/rules/advanced.go:134.2,134.47 1 1
goov/validator/rules/advanced.go:134.47,136.3 1 1
goov/validator/rules/advanced.go:138.2,138.69 1 1
goov/validator/rules/advanced.go:138.69,140.3 1 1
goov/validator/rules/advanced.go:141.2,141.69 1 1
goov/validator/rules/advanced.go:141.69,143.3 1 1
goov/validator/rules/advanced.go:144.2,144.69 1 1
goov/validator/rules/advanced.go:144.69,146.3 1 1
goov/validator/rules/advanced.go:147.2,147.78 1 1
goov/validator/rules/advanced.go:147.78,149.3 1 1
goov/validator/rules/advanced.go:151.2,151.12 1 1
goov/validator/rules/advanced.go:160.55,162.9 2 1
goov/validator/rules/advanced.go:162.9,164.3 1 1
goov/validator/rules/advanced.go:166.2,166.15 1 1
goov/validator/rules/advanced.go:166.15,167.19 1 1
goov/validator/rules/advanced.go:167.19,169.4 1 1
goov/validator/rules/advanced.go:170.3,170.41 1 1
goov/validator/rules/advanced.go:174.2,176.60 2 1
goov/validator/rules/advanced.go:176.60,178.3 1 1
goov/validator/rules/advanced.go:181.2,185.31 4 1
goov/validator/rules/advanced.go:185.31,187.20 2 1
goov/validator/rules/advanced.go:187.20,189.17 2 1
goov/validator/rules/advanced.go:189.17,191.5 1 1
goov/validator/rules/advanced.go:193.3,193.15 1 1
goov/validator/rules/advanced.go:196.2,196.17 1 1
goov/validator/rules/advanced.go:196.17,198.3 1 1
goov/validator/rules/advanced.go:200.2,200.12 1 1
goov/validator/rules/advanced.go:209.49,211.9 2 1
goov/validator/rules/advanced.go:211.9,213.3 1 1
goov/validator/rules/advanced.go:215.2,215.15 1 1
goov/validator/rules/advanced.go:215.15,216.19 1 1
goov/validator/rules/advanced.go:216.19,218.4 1 1
goov/validator/rules/advanced.go:219.3,219.41 1 1
goov/validator/rules/advanced.go:222.2,223.16 2 1
goov/validator/rules/advanced.go:223.16,225.3 1 1
goov/validator/rules/advanced.go:227.2,227.12 1 1
goov/validator/rules/advanced.go:236.48,238.9 2 1
goov/validator/rules/advanced.go:238.9,240.3 1 1
goov/validator/rules/advanced.go:242.2,242.15 1 1
goov/validator/rules/advanced.go:242.15,243.19 1 1
goov/validator/rules/advanced.go:243.19,245.4 1 1
goov/validator/rules/advanced.go:246.3,246.41 1 1
goov/validator/rules/advanced.go:250.2,252.63 2 1
goov/validator/rules/advanced.go:252.63,254.3 1 1
goov/validator/rules/advanced.go:256.2,256.12 1 1
goov/validator/rules/advanced.go:265.52,267.9 2 1
goov/validator/rules/advanced.go:267.9,269.3 1 1
goov/validator/rules/advanced.go:271.2,271.15 1 1
goov/validator/rules/advanced.go:271.15,272.19 1 1
goov/validator/rules/advanced.go:272.19,274.4 1 1
goov/validator/rules/advanced.go:275.3,275.41 1 1
goov/validator/rules/advanced.go:279.2,280.21 2 1
goov/validator/rules/advanced.go:280.21,282.3 1 1
goov/validator/rules/advanced.go:284.2,285.41 2 1
goov/validator/rules/advanced.go:285.41,287.3 1 1
goov/validator/rules/advanced.go:289.2,290.45 2 1
goov/validator/rules/advanced.go:290.45,292.3 1 1
goov/validator/rules/advanced.go:294.2,294.12 1 1
goov/validator/rules/advanced.go:309.50,311.9 2 1
goov/validator/rules/advanced.go:311.9,313.3 1 1
goov/validator/rules/advanced.go:315.2,315.15 1 1
goov/validator/rules/advanced.go:315.15,316.19 1 1
goov/validator/rules/advanced.go:316.19,318.4 1 1
goov/validator/rules/advanced.go:319.3,319.41 1 1
goov/validator/rules/advanced.go:322.2,324.16 2 1
goov/validator/rules/advanced.go:324.16,325.74 1 1
goov/validator/rules/advanced.go:325.74,327.4 1 1
goov/validator/rules/advanced.go:330.2,330.16 1 1
goov/validator/rules/advanced.go:330.16,331.120 1 1
goov/validator/rules/advanced.go:331.120,335.70 4 1
goov/validator/rules/advanced.go:335.70,337.5 1 1
goov/validator/rules/advanced.go:341.2,341.16 1 1
goov/validator/rules/advanced.go:341.16,342.122 1 1
goov/validator/rules/advanced.go:342.122,346.70 4 1
goov/validator/rules/advanced.go:346.70,348.5 1 1
goov/validator/rules/advanced.go:352.2,352.43 1 1
goov/validator/rules/advanced.go:363.53,365.9 2 1
goov/validator/rules/advanced.go:365.9,367.3 1 1
goov/validator/rules/advanced.go:369.2,369.15 1 1
goov/validator/rules/advanced.go:369.15,370.19 1 1
goov/validator/rules/advanced.go:370.19,372.4 1 1
goov/validator/rules/advanced.go:373.3,373.41 1 1
goov/validator/rules/advanced.go:377.2,378.34 2 1
goov/validator/rules/advanced.go:378.34,380.3 1 1
goov/validator/rules/advanced.go:382.2,382.16 1 1
goov/validator/rules/advanced.go:382.16,385.17 3 1
goov/validator/rules/advanced.go:385.17,387.4 1 1
goov/validator/rules/advanced.go:390.2,390.12 1 1
goov/validator/rules/advanced.go:401.53,403.9 2 1
goov/validator/rules/advanced.go:403.9,405.3 1 1
goov/validator/rules/advanced.go:407.2,407.15 1 1
goov/validator/rules/advanced.go:407.15,408.19 1 1
goov/validator/rules/advanced.go:408.19,410.4 1 1
goov/validator/rules/advanced.go:411.3,411.41 1 1
goov/validator/rules/advanced.go:414.2,414.53 1 1
goov/validator/rules/advanced.go:414.53,416.3 1 1
goov/validator/rules/advanced.go:419.2,419.20 1 1
goov/validator/rules/advanced.go:419.20,421.3 1 1
goov/validator/rules/advanced.go:423.2,424.37 2 1
goov/validator/rules/advanced.go:424.37,426.3 1 1
goov/validator/rules/advanced.go:428.2,428.12 1 1
goov/validator/rules/advanced.go:443.49,444.16 1 1
goov/validator/rules/advanced.go:444.16,446.3 1 1
goov/validator/rules/advanced.go:447.2,447.16 1 1
goov/validator/rules/advanced.go:447.16,449.3 1 1
goov/validator/rules/advanced.go:450.2,450.40 1 1
goov/validator/rules/advanced.go:450.40,452.3 1 1
goov/validator/rules/advanced.go:455.2,455.35 1 1
goov/validator/rules/advanced.go:455.35,456.16 1 1
goov/validator/rules/advanced.go:456.16,457.20 1 1
goov/validator/rules/advanced.go:457.20,459.5 1 1
goov/validator/rules/advanced.go:460.4,460.42 1 1
goov/validator/rules/advanced.go:462.3,463.17 2 1
goov/validator/rules/advanced.go:463.17,465.4 1 1
goov/validator/rules/advanced.go:466.3,466.15 1 1
goov/validator/rules/advanced.go:470.2,471.9 2 1
goov/validator/rules/advanced.go:471.9,473.3 1 1
goov/validator/rules/advanced.go:475.2,475.34 1 1
goov/validator/rules/advanced.go:475.34,477.3 1 1
goov/validator/rules/advanced.go:479.2,479.12 1 1
goov/validator/rules/advanced.go:496.51,498.9 2 1
goov/validator/rules/advanced.go:498.9,500.3 1 1
goov/validator/rules/advanced.go:502.2,502.15 1 1
goov/validator/rules/advanced.go:502.15,503.19 1 1
goov/validator/rules/advanced.go:503.19,505.4 1 1
goov/validator/rules/advanced.go:506.3,506.41 1 1
goov/validator/rules/advanced.go:510.2,510.33 1 1
goov/validator/rules/advanced.go:510.33,511.21 1 1
goov/validator/rules/advanced.go:511.21,513.4 1 1
goov/validator/rules/advanced.go:514.3,514.16 1 1
goov/validator/rules/advanced.go:515.8,515.45 1 1
goov/validator/rules/advanced.go:515.45,517.3 1 1
goov/validator/rules/advanced.go:520.2,525.20 4 1
goov/validator/rules/advanced.go:525.20,527.3 1 1
goov/validator/rules/advanced.go:529.2,529.27 1 1
goov/validator/rules/advanced.go:529.27,530.52 1 1
goov/validator/rules/advanced.go:530.52,532.4 1 1
goov/validator/rules/advanced.go:536.2,536.27 1 1
goov/validator/rules/advanced.go:536.27,537.25 1 1
goov/validator/rules/advanced.go:537.25,539.4 1 1
goov/validator/rules/advanced.go:540.3,540.92 1 1
goov/validator/rules/advanced.go:540.92,542.4 1 1
goov/validator/rules/advanced.go:546.2,546.20 1 1
goov/validator/rules/advanced.go:546.20,547.20 1 1
goov/validator/rules/advanced.go:547.20,549.4 1 1
goov/validator/rules/advanced.go:550.3,550.85 1 1
goov/validator/rules/advanced.go:550.85,552.4 1 1
goov/validator/rules/advanced.go:555.2,555.12 1 1
goov/validator/rules/collection.go:17.51,20.18 2 1
goov/validator/rules/collection.go:21.65,23.21 2 1
goov/validator/rules/collection.go:23.21,25.4 1 1
goov/validator/rules/collection.go:26.3,26.34 1 1
goov/validator/rules/collection.go:26.34,28.4 1 1
goov/validator/rules/collection.go:29.3,29.13 1 1
goov/validator/rules/collection.go:30.10,31.68 1 1
goov/validator/rules/collection.go:39.49,42.60 2 1
goov/validator/rules/collection.go:42.60,44.3 1 1
goov/validator/rules/collection.go:46.2,46.31 1 1
goov/validator/rules/collection.go:46.31,47.65 1 1
goov/validator/rules/collection.go:47.65,49.4 1 1
goov/validator/rules/collection.go:51.2,51.12 1 1
goov/validator/rules/collection.go:58.53,61.60 2 1
goov/validator/rules/collection.go:61.60,63.3 1 1
goov/validator/rules/collection.go:65.2,65.31 1 1
goov/validator/rules/collection.go:65.31,66.57 1 1
goov/validator/rules/collection.go:66.57,68.4 1 1
goov/validator/rules/collection.go:70.2,70.53 1 1
goov/validator/rules/collection.go:75.51,78.60 2 1
goov/validator/rules/collection.go:78.60,80.3 1 1
goov/validator/rules/collection.go:82.2,83.31 2 1
goov/validator/rules/collection.go:83.31,85.17 2 1
goov/validator/rules/collection.go:85.17,87.4 1 1
goov/validator/rules/collection.go:88.3,88.20 1 1
goov/validator/rules/collection.go:90.2,90.12 1 1
goov/validator/rules/collection.go:98.48,99.18 1 1
goov/validator/rules/collection.go:99.18,101.3 1 1
goov/validator/rules/collection.go:103.2,104.29 2 1
goov/validator/rules/collection.go:104.29,106.3 1 1
goov/validator/rules/collection.go:108.2,108.34 1 1
goov/validator/rules/collection.go:108.34,109.19 1 1
goov/validator/rules/collection.go:109.19,110.58 1 1
goov/validator/rules/collection.go:110.58,112.5 1 1
goov/validator/rules/collection.go:115.3,115.21 1 1
goov/validator/rules/collection.go:115.21,116.72 1 1
goov/validator/rules/collection.go:116.72,118.5 1 1
goov/validator/rules/collection.go:122.2,122.12 1 1
goov/validator/rules/collection.go:129.50,130.18 1 1
goov/validator/rules/collection.go:130.18,132.3 1 1
goov/validator/rules/collection.go:134.2,135.31 2 1
goov/validator/rules/collection.go:135.31,137.3 1 1
goov/validator/rules/collection.go:139.2,139.31 1 1
goov/validator/rules/collection.go:139.31,141.20 2 1
goov/validator/rules/collection.go:141.20,142.60 1 1
goov/validator/rules/collection.go:142.60,144.5 1 1
goov/validator/rules/collection.go:148.2,148.12 1 1
goov/validator/rules/collection.go:155.54,158.60 2 1
goov/validator/rules/collection.go:158.60,160.3 1 1
goov/validator/rules/collection.go:162.2,162.31 1 1
goov/validator/rules/collection.go:162.31,164.32 2 1
goov/validator/rules/collection.go:164.32,165.46 1 1
goov/validator/rules/collection.go:165.46,167.5 1 1
goov/validator/rules/collection.go:171.2,171.12 1 1
goov/validator/rules/collection.go:178.49,180.29 2 1
goov/validator/rules/collection.go:180.29,182.3 1 1
goov/validator/rules/collection.go:184.2,185.31 2 1
goov/validator/rules/collection.go:185.31,186.28 1 1
goov/validator/rules/collection.go:186.28,187.57 1 1
goov/validator/rules/collection.go:187.57,189.5 1 1
goov/validator/rules/collection.go:193.2,193.12 1 1
goov/validator/rules/common.go:16.55,18.9 2 1
goov/validator/rules/common.go:18.9,20.3 1 1
goov/validator/rules/common.go:22.2,23.16 2 1
goov/validator/rules/common.go:23.16,25.3 1 1
goov/validator/rules/common.go:26.2,26.12 1 1
goov/validator/rules/common.go:33.48,35.9 2 1
goov/validator/rules/common.go:35.9,37.3 1 1
goov/validator/rules/common.go:39.2,40.60 2 1
goov/validator/rules/common.go:40.60,42.3 1 1
goov/validator/rules/common.go:44.2,44.31 1 1
goov/validator/rules/common.go:44.31,46.43 2 1
goov/validator/rules/common.go:46.43,47.31 1 1
goov/validator/rules/common.go:47.31,49.10 2 1
goov/validator/rules/common.go:52.3,52.13 1 1
goov/validator/rules/common.go:52.13,54.4 1 1
goov/validator/rules/common.go:56.2,56.12 1 1
goov/validator/rules/common.go:61.49,63.9 2 1
goov/validator/rules/common.go:63.9,65.3 1 1
goov/validator/rules/common.go:67.2,68.57 2 1
goov/validator/rules/common.go:68.57,70.3 1 1
goov/validator/rules/common.go:71.2,71.12 1 1
goov/validator/rules/common.go:78.50,79.29 1 1
goov/validator/rules/common.go:79.29,80.34 1 1
goov/validator/rules/common.go:80.34,82.4 1 1
goov/validator/rules/common.go:84.2,84.57 1 1
goov/validator/rules/common.go:91.51,93.2 1 1
goov/validator/rules/common.go:100.50,102.9 2 1
goov/validator/rules/common.go:102.9,104.3 1 1
goov/validator/rules/common.go:106.2,106.31 1 1
goov/validator/rules/common.go:106.31,108.3 1 1
goov/validator/rules/common.go:111.2,112.14 2 1
goov/validator/rules/common.go:112.14,114.3 1 1
goov/validator/rules/common.go:115.2,115.12 1 1
goov/validator/rules/common.go:121.49,123.9 2 1
goov/validator/rules/common.go:123.9,125.3 1 1
goov/validator/rules/common.go:127.2,128.14 2 1
goov/validator/rules/common.go:128.14,130.3 1 1
goov/validator/rules/common.go:131.2,131.12 1 1
goov/validator/rules/common.go:142.49,144.9 2 1
goov/validator/rules/common.go:144.9,146.3 1 1
goov/validator/rules/common.go:148.2,148.31 1 1
goov/validator/rules/common.go:148.31,150.3 1 1
goov/validator/rules/common.go:152.2,153.16 2 1
goov/validator/rules/common.go:153.16,155.3 1 1
goov/validator/rules/common.go:157.2,157.40 1 1
goov/validator/rules/common.go:157.40,159.3 1 1
goov/validator/rules/common.go:161.2,161.39 1 1
goov/validator/rules/common.go:161.39,163.3 1 1
goov/validator/rules/common.go:165.2,165.12 1 1
goov/validator/rules/common.go:171.53,172.18 1 1
goov/validator/rules/common.go:172.18,174.3 1 1
goov/validator/rules/common.go:176.2,177.18 2 1
goov/validator/rules/common.go:178.22,179.23 1 1
goov/validator/rules/common.go:179.23,181.4 1 1
goov/validator/rules/common.go:182.34,183.19 1 1
goov/validator/rules/common.go:183.19,185.4 1 1
goov/validator/rules/common.go:186.19,187.16 1 1
goov/validator/rules/common.go:187.16,189.4 1 1
goov/validator/rules/common.go:191.2,191.12 1 1
goov/validator/rules/conditional.go:15.46,17.19 2 1
goov/validator/rules/conditional.go:17.19,18.69 1 1
goov/validator/rules/conditional.go:18.69,20.4 1 0
goov/validator/rules/conditional.go:22.2,22.19 1 1
goov/validator/rules/conditional.go:22.19,23.69 1 1
goov/validator/rules/conditional.go:23.69,25.4 1 0
goov/validator/rules/conditional.go:29.49,30.27 1 1
goov/validator/rules/conditional.go:30.27,31.20 1 1
goov/validator/rules/conditional.go:31.20,33.4 1 1
goov/validator/rules/conditional.go:34.8,34.26 1 1
goov/validator/rules/conditional.go:34.26,36.3 1 1
goov/validator/rules/conditional.go:37.2,37.12 1 1
goov/validator/rules/conditional.go:47.44,49.19 2 1
goov/validator/rules/conditional.go:49.19,50.69 1 1
goov/validator/rules/conditional.go:50.69,52.4 1 0
goov/validator/rules/conditional.go:54.2,54.19 1 1
goov/validator/rules/conditional.go:54.19,55.69 1 0
goov/validator/rules/conditional.go:55.69,57.4 1 0
goov/validator/rules/conditional.go:61.47,62.21 1 1
goov/validator/rules/conditional.go:62.21,64.3 1 0
goov/validator/rules/conditional.go:66.2,67.29 2 1
goov/validator/rules/conditional.go:67.29,69.3 1 1
goov/validator/rules/conditional.go:71.2,71.32 1 1
goov/validator/rules/conditional.go:71.32,73.3 1 0
goov/validator/rules/conditional.go:75.2,76.22 2 1
goov/validator/rules/conditional.go:76.22,78.3 1 1
goov/validator/rules/conditional.go:80.2,80.34 1 1
goov/validator/rules/conditional.go:80.34,82.3 1 1
goov/validator/rules/conditional.go:84.2,84.18 1 1
goov/validator/rules/conditional.go:84.18,85.20 1 1
goov/validator/rules/conditional.go:85.20,87.4 1 1
goov/validator/rules/conditional.go:88.8,88.26 1 1
goov/validator/rules/conditional.go:88.26,90.3 1 0
goov/validator/rules/conditional.go:91.2,91.12 1 1
goov/validator/rules/conditional.go:101.48,103.19 2 1
goov/validator/rules/conditional.go:103.19,104.69 1 1
goov/validator/rules/conditional.go:104.69,106.4 1 0
goov/validator/rules/conditional.go:108.2,108.19 1 1
goov/validator/rules/conditional.go:108.19,109.69 1 0
goov/validator/rules/conditional.go:109.69,111.4 1 0
goov/validator/rules/conditional.go:115.51,116.21 1 1
goov/validator/rules/conditional.go:116.21,118.3 1 0
goov/validator/rules/conditional.go:120.2,121.29 2 1
goov/validator/rules/conditional.go:121.29,123.3 1 1
goov/validator/rules/conditional.go:125.2,125.32 1 1
goov/validator/rules/conditional.go:125.32,127.3 1 0
goov/validator/rules/conditional.go:129.2,130.22 2 1
goov/validator/rules/conditional.go:130.22,132.3 1 1
goov/validator/rules/conditional.go:134.2,134.34 1 1
goov/validator/rules/conditional.go:134.34,136.3 1 1
goov/validator/rules/conditional.go:138.2,138.19 1 1
goov/validator/rules/conditional.go:138.19,139.20 1 1
goov/validator/rules/conditional.go:139.20,141.4 1 1
goov/validator/rules/conditional.go:142.8,142.26 1 1
goov/validator/rules/conditional.go:142.26,144.3 1 0
goov/validator/rules/conditional.go:145.2,145.12 1 1
goov/validator/rules/conditional.go:154.52,156.2 1 1
goov/validator/rules/conditional.go:158.55,159.25 1 1
goov/validator/rules/conditional.go:159.25,161.3 1 1
goov/validator/rules/conditional.go:163.2,163.21 1 1
goov/validator/rules/conditional.go:163.21,165.3 1 1
goov/validator/rules/conditional.go:167.2,167.38 1 1
goov/validator/rules/conditional.go:175.62,176.21 1 0
goov/validator/rules/conditional.go:176.21,178.3 1 0
goov/validator/rules/conditional.go:180.2,181.37 2 0
goov/validator/rules/conditional.go:181.37,183.3 1 0
goov/validator/rules/conditional.go:185.2,185.40 1 0
goov/validator/rules/conditional.go:185.40,187.3 1 0
goov/validator/rules/conditional.go:189.2,190.22 2 0
goov/validator/rules/conditional.go:190.22,192.3 1 0
goov/validator/rules/conditional.go:195.2,195.20 1 0
goov/validator/rules/conditional.go:195.20,197.3 1 0
goov/validator/rules/conditional.go:199.2,199.12 1 0
goov/validator/rules/numeric.go:13.50,17.18 3 1
goov/validator/rules/numeric.go:18.78,19.25 1 1
goov/validator/rules/numeric.go:20.83,21.26 1 1
goov/validator/rules/numeric.go:22.40,23.18 1 1
goov/validator/rules/numeric.go:24.10,25.45 1 1
goov/validator/rules/numeric.go:28.2,28.17 1 1
goov/validator/rules/numeric.go:28.17,30.3 1 1
goov/validator/rules/numeric.go:31.2,31.30 1 1
goov/validator/rules/numeric.go:31.30,33.3 1 1
goov/validator/rules/numeric.go:34.2,34.12 1 1
goov/validator/rules/numeric.go:39.53,42.18 2 1
goov/validator/rules/numeric.go:43.78,44.19 1 1
goov/validator/rules/numeric.go:44.19,46.4 1 1
goov/validator/rules/numeric.go:47.83,48.20 1 1
goov/validator/rules/numeric.go:48.20,50.4 1 1
goov/validator/rules/numeric.go:51.40,52.21 1 1
goov/validator/rules/numeric.go:52.21,54.4 1 1
goov/validator/rules/numeric.go:55.10,56.45 1 1
goov/validator/rules/numeric.go:58.2,58.12 1 1
goov/validator/rules/numeric.go:67.48,68.18 1 1
goov/validator/rules/numeric.go:68.18,70.3 1 1
goov/validator/rules/numeric.go:72.2,73.18 2 1
goov/validator/rules/numeric.go:74.78,75.33 1 1
goov/validator/rules/numeric.go:75.33,77.4 1 1
goov/validator/rules/numeric.go:78.83,79.34 1 1
goov/validator/rules/numeric.go:79.34,81.4 1 1
goov/validator/rules/numeric.go:82.40,83.26 1 1
goov/validator/rules/numeric.go:83.26,85.4 1 1
goov/validator/rules/numeric.go:86.10,87.46 1 1
goov/validator/rules/numeric.go:90.2,90.12 1 1
